[2021-01-20 12:30:04]: INFO: Import of modules succeded
[2021-01-20 12:30:04]: INFO: +-------------------INITIALIZING GAME------------------------+
[2021-01-20 12:30:04]: DEBUG: Starting new HTTPS connection (1): random-word-api.herokuapp.com:443
[2021-01-20 12:30:05]: DEBUG: https://random-word-api.herokuapp.com:443 "GET /word?number=1 HTTP/1.1" 200 None
[2021-01-20 12:30:05]: INFO: RANDOM WORD SUCCESFULLY LOADED FROM THE API
[2021-01-20 12:30:05]: INFO: Object initiated
[2021-01-20 12:30:05]: INFO: Start of game_on
[2021-01-20 12:30:15]: DEBUG: User input was not the expected
0[2021-01-20 12:30:46]: INFO: Import of modules succeded
[2021-01-20 12:30:46]: INFO: +-------------------INITIALIZING GAME------------------------+
[2021-01-20 12:30:46]: DEBUG: Starting new HTTPS connection (1): random-word-api.herokuapp.com:443
[2021-01-20 12:30:46]: DEBUG: https://random-word-api.herokuapp.com:443 "GET /word?number=1 HTTP/1.1" 200 None
[2021-01-20 12:30:46]: INFO: RANDOM WORD SUCCESFULLY LOADED FROM THE API
[2021-01-20 12:30:46]: INFO: Object initiated
[2021-01-20 12:30:46]: INFO: Start of game_on
[2021-01-20 12:30:51]: DEBUG: User input was not the expected
[2021-01-20 12:30:53]: DEBUG: User input was not the expected
[2021-01-20 12:30:54]: DEBUG: User input was not the expected
[2021-01-20 12:30:54]: DEBUG: User input was not the expected
[2021-01-20 12:34:23]: INFO: Import of modules succeded
[2021-01-20 12:34:23]: INFO: +-------------------INITIALIZING GAME------------------------+
[2021-01-20 12:34:23]: DEBUG: Starting new HTTPS connection (1): random-word-api.herokuapp.com:443
[2021-01-20 12:34:24]: DEBUG: https://random-word-api.herokuapp.com:443 "GET /word?number=1 HTTP/1.1" 200 None
[2021-01-20 12:34:24]: INFO: RANDOM WORD SUCCESFULLY LOADED FROM THE API
[2021-01-20 12:34:24]: INFO: Object HANGED initiated
[2021-01-20 12:34:24]: INFO: Start of game_on
[2021-01-20 12:34:32]: DEBUG: User input was not the expected
[2021-01-20 12:52:43]: INFO: Import of modules succeded
[2021-01-20 12:52:43]: INFO: +-------------------INITIALIZING GAME------------------------+
[2021-01-20 12:52:43]: DEBUG: Starting new HTTPS connection (1): random-word-api.herokuapp.com:443
[2021-01-20 12:52:44]: DEBUG: https://random-word-api.herokuapp.com:443 "GET /word?number=1 HTTP/1.1" 200 None
[2021-01-20 12:52:44]: INFO: RANDOM WORD SUCCESFULLY LOADED FROM THE API
[2021-01-20 12:52:44]: INFO: Object HANGED initiated
[2021-01-20 12:52:44]: INFO: Start of game_on
[2021-01-20 12:55:36]: INFO: Import of modules succeded
[2021-01-20 12:55:36]: INFO: +-------------------INITIALIZING GAME------------------------+
[2021-01-20 12:55:36]: DEBUG: Starting new HTTPS connection (1): random-word-api.herokuapp.com:443
[2021-01-20 12:55:36]: DEBUG: https://random-word-api.herokuapp.com:443 "GET /word?number=1 HTTP/1.1" 200 None
[2021-01-20 12:55:36]: INFO: RANDOM WORD SUCCESFULLY LOADED FROM THE API
[2021-01-20 12:55:36]: INFO: Object HANGED initiated
[2021-01-20 12:55:36]: INFO: Start of game_on
[2021-01-20 17:06:44]: INFO: Import of modules succeded
[2021-01-20 17:06:44]: INFO: +-------------------INITIALIZING GAME------------------------+
[2021-01-20 17:06:44]: DEBUG: Starting new HTTPS connection (1): random-word-api.herokuapp.com:443
[2021-01-20 17:06:45]: DEBUG: https://random-word-api.herokuapp.com:443 "GET /word?number=1 HTTP/1.1" 200 None
[2021-01-20 17:06:45]: INFO: RANDOM WORD SUCCESFULLY LOADED FROM THE API
[2021-01-20 17:06:45]: INFO: Object HANGED initiated
[2021-01-20 17:06:45]: INFO: Start of game_on
[2021-01-20 17:07:46]: INFO: Import of modules succeded
[2021-01-20 17:07:46]: INFO: +-------------------INITIALIZING GAME------------------------+
[2021-01-20 17:07:46]: DEBUG: Starting new HTTPS connection (1): random-word-api.herokuapp.com:443
[2021-01-20 17:07:46]: DEBUG: https://random-word-api.herokuapp.com:443 "GET /word?number=1 HTTP/1.1" 200 None
[2021-01-20 17:07:46]: INFO: RANDOM WORD SUCCESFULLY LOADED FROM THE API
[2021-01-20 17:07:46]: INFO: Object HANGED initiated
[2021-01-20 17:07:46]: INFO: Start of game_on
[2021-01-20 22:31:18]: INFO: Import of modules succeded
[2021-01-20 22:31:18]: INFO: +-------------------INITIALIZING GAME------------------------+
[2021-01-20 22:31:18]: DEBUG: Starting new HTTPS connection (1): random-word-api.herokuapp.com:443
[2021-01-20 22:31:18]: DEBUG: https://random-word-api.herokuapp.com:443 "GET /word?number=1 HTTP/1.1" 200 None
[2021-01-20 22:31:18]: INFO: RANDOM WORD SUCCESFULLY LOADED FROM THE API
[2021-01-20 22:31:18]: INFO: Object HANGED initiated
[2021-01-20 22:31:18]: INFO: Start of game_on
[2021-01-20 22:43:01]: INFO: Import of modules succeded
[2021-01-20 22:43:01]: INFO: +-------------------INITIALIZING GAME------------------------+
[2021-01-20 22:43:01]: DEBUG: Starting new HTTPS connection (1): random-word-api.herokuapp.com:443
[2021-01-20 22:43:01]: DEBUG: https://random-word-api.herokuapp.com:443 "GET /word?number=1 HTTP/1.1" 200 None
[2021-01-20 22:43:01]: INFO: RANDOM WORD SUCCESFULLY LOADED FROM THE API
[2021-01-20 22:43:01]: INFO: Object HANGED initiated
[2021-01-20 22:43:01]: INFO: Start of game_on
[2021-01-20 22:47:25]: INFO: Import of modules succeded
[2021-01-20 22:47:25]: INFO: +-------------------INITIALIZING GAME------------------------+
[2021-01-20 22:47:25]: ERROR: Unable to start the game
Traceback (most recent call last):
  File "D:\python\projects\hangman-oop\hangmanGame\main.py", line 52, in <module>
    main()
  File "D:\python\projects\hangman-oop\hangmanGame\main.py", line 17, in main
    hangman = Hanged()
NameError: name 'Hanged' is not defined
[2021-01-20 22:47:34]: INFO: Import of modules succeded
[2021-01-20 22:47:34]: INFO: +-------------------INITIALIZING GAME------------------------+
[2021-01-20 22:47:34]: ERROR: Unable to start the game
Traceback (most recent call last):
  File "D:\python\projects\hangman-oop\hangmanGame\main.py", line 52, in <module>
    main()
  File "D:\python\projects\hangman-oop\hangmanGame\main.py", line 17, in main
    hangman = Hanged()
TypeError: 'module' object is not callable
[2021-01-20 22:48:03]: INFO: Import of modules succeded
[2021-01-20 22:48:03]: INFO: +-------------------INITIALIZING GAME------------------------+
[2021-01-20 22:48:03]: ERROR: Unable to start the game
Traceback (most recent call last):
  File "D:\python\projects\hangman-oop\hangmanGame\main.py", line 52, in <module>
    main()
  File "D:\python\projects\hangman-oop\hangmanGame\main.py", line 17, in main
    hangman = Hanged()
NameError: name 'Hanged' is not defined
[2021-01-20 22:49:33]: INFO: Import of modules succeded
[2021-01-20 22:49:33]: INFO: +-------------------INITIALIZING GAME------------------------+
[2021-01-20 22:49:33]: ERROR: Unable to start the game
Traceback (most recent call last):
  File "D:\python\projects\hangman-oop\hangmanGame\main.py", line 52, in <module>
    main()
  File "D:\python\projects\hangman-oop\hangmanGame\main.py", line 17, in main
    hangman = Hanged()
NameError: name 'Hanged' is not defined
[2021-01-20 22:49:43]: INFO: Import of modules succeded
[2021-01-20 22:49:43]: INFO: +-------------------INITIALIZING GAME------------------------+
[2021-01-20 22:49:43]: ERROR: Unable to start the game
Traceback (most recent call last):
  File "D:\python\projects\hangman-oop\hangmanGame\main.py", line 52, in <module>
    main()
  File "D:\python\projects\hangman-oop\hangmanGame\main.py", line 17, in main
    hangman = Hanged()
NameError: name 'Hanged' is not defined
[2021-01-20 22:49:55]: INFO: Import of modules succeded
[2021-01-20 22:49:55]: INFO: +-------------------INITIALIZING GAME------------------------+
[2021-01-20 22:49:55]: DEBUG: Starting new HTTPS connection (1): random-word-api.herokuapp.com:443
[2021-01-20 22:49:55]: DEBUG: https://random-word-api.herokuapp.com:443 "GET /word?number=1 HTTP/1.1" 200 None
[2021-01-20 22:49:55]: INFO: RANDOM WORD SUCCESFULLY LOADED FROM THE API
[2021-01-20 22:49:55]: INFO: Object HANGED initiated
[2021-01-20 22:49:55]: ERROR: Unable to start the game
Traceback (most recent call last):
  File "D:\python\projects\hangman-oop\hangmanGame\main.py", line 52, in <module>
    main()
  File "D:\python\projects\hangman-oop\hangmanGame\main.py", line 18, in main
    print(logo)
NameError: name 'logo' is not defined
[2021-01-20 22:50:07]: INFO: Import of modules succeded
[2021-01-20 22:50:07]: INFO: +-------------------INITIALIZING GAME------------------------+
[2021-01-20 22:50:07]: DEBUG: Starting new HTTPS connection (1): random-word-api.herokuapp.com:443
[2021-01-20 22:50:07]: DEBUG: https://random-word-api.herokuapp.com:443 "GET /word?number=1 HTTP/1.1" 200 None
[2021-01-20 22:50:07]: INFO: RANDOM WORD SUCCESFULLY LOADED FROM THE API
[2021-01-20 22:50:07]: INFO: Object HANGED initiated
[2021-01-20 22:50:07]: INFO: Start of game_on
